<?xml version="1.0" encoding="UTF-8"?>
<testsuite name="censusanalyser.CensusAnalyserTest" tests="1" skipped="0" failures="0" errors="0" timestamp="2020-10-01T18:42:07" hostname="DESKTOP-JVE4C36" time="43.58">
  <properties/>
  <testcase name="givingIndianCensusData_WhenSortOnState_ShouldReturnSortedResult" classname="censusanalyser.CensusAnalyserTest" time="43.58"/>
  <system-out><![CDATA[]]></system-out>
  <system-err><![CDATA[]]></system-err>
</testsuite>
