<?xml version="1.0" encoding="UTF-8"?>
<testsuite name="censusanalyser.CensusAnalyserTest" tests="1" skipped="0" failures="0" errors="0" timestamp="2020-09-30T08:03:11" hostname="DESKTOP-JVE4C36" time="0.431">
  <properties/>
  <testcase name="givingIndianStateCSV_WithIncorrectDelimiter_ShouldThrowException" classname="censusanalyser.CensusAnalyserTest" time="0.431"/>
  <system-out><![CDATA[]]></system-out>
  <system-err><![CDATA[]]></system-err>
</testsuite>
