<?xml version="1.0" encoding="UTF-8"?>
<testsuite name="censusanalyser.CensusAnalyserTest" tests="10" skipped="0" failures="0" errors="0" timestamp="2020-09-30T11:28:50" hostname="DESKTOP-JVE4C36" time="1.293">
  <properties/>
  <testcase name="givenIndiaStateCSV_WithWrongFilePath_ShouldThrowException" classname="censusanalyser.CensusAnalyserTest" time="0.07"/>
  <testcase name="givenIndiaCensusData_WithIncorrectType_ShouldThrowException" classname="censusanalyser.CensusAnalyserTest" time="0.002"/>
  <testcase name="givenIndianCensusCSVFile_ReturnsCorrectRecords" classname="censusanalyser.CensusAnalyserTest" time="0.878"/>
  <testcase name="givingIndianStateCSV_WithIncorrectDelimiter_ShouldThrowException" classname="censusanalyser.CensusAnalyserTest" time="0.084"/>
  <testcase name="givenIndiaCensusData_WithIncorrectDelimiter_ShouldThrowException" classname="censusanalyser.CensusAnalyserTest" time="0.002"/>
  <testcase name="givingIndianStateCSV_WithWrongHeader_ShouldThrowException" classname="censusanalyser.CensusAnalyserTest" time="0.002"/>
  <testcase name="givenIndiaCensusData_WithWrongHeader_ShouldThrowException" classname="censusanalyser.CensusAnalyserTest" time="0.005"/>
  <testcase name="givingIndianStateCSV_WithIncorrectType_ShouldThrowException" classname="censusanalyser.CensusAnalyserTest" time="0.0"/>
  <testcase name="givenIndiaCensusData_WithWrongFile_ShouldThrowException" classname="censusanalyser.CensusAnalyserTest" time="0.001"/>
  <testcase name="givingIndianStateCSV_ShouldReturnExactCount" classname="censusanalyser.CensusAnalyserTest" time="0.23"/>
  <system-out><![CDATA[]]></system-out>
  <system-err><![CDATA[]]></system-err>
</testsuite>
