<?xml version="1.0" encoding="UTF-8"?>
<testsuite name="censusanalyser.CensusAnalyserTest" tests="3" skipped="0" failures="0" errors="0" timestamp="2020-09-29T11:48:57" hostname="DESKTOP-JVE4C36" time="0.933">
  <properties/>
  <testcase name="givenIndianCensusCSVFileReturnsCorrectRecords" classname="censusanalyser.CensusAnalyserTest" time="0.733"/>
  <testcase name="givenIndiaCensusData_WithWrongFile_ShouldThrowException" classname="censusanalyser.CensusAnalyserTest" time="0.051"/>
  <testcase name="givingIndianStateCSV_ShouldReturnExactCount" classname="censusanalyser.CensusAnalyserTest" time="0.147"/>
  <system-out><![CDATA[]]></system-out>
  <system-err><![CDATA[]]></system-err>
</testsuite>
